<?xml version="1.0" encoding="UTF-8"?>
<!-- Generated by org.testng.reporters.JUnitReportReporter -->
<testsuite skipped="0" hostname="DESKTOP-9RB4GSS" name="gmail.test" tests="1" failures="0" timestamp="30 Nov 2018 14:21:36 GMT" time="22.894" errors="0">
  <testcase name="method1" time="22.894" classname="gmail.test"/>
</testsuite> <!-- gmail.test -->
